[2026-02-04 05:43:17] TypeError: App\Core\Router::matchRoute(): Argument #3 ($params) must be of type array, null given, called in /Users/admin/Project/Web/DoAn/App/Core/Router.php on line 68 in /Users/admin/Project/Web/DoAn/App/Core/Router.php:108
Stack trace:
#0 /Users/admin/Project/Web/DoAn/App/Core/Router.php(68): App\Core\Router::matchRoute('/', '/', NULL)
#1 /Users/admin/Project/Web/DoAn/Public/index.php(100): App\Core\Router::dispatch()
#2 {main}
[2026-02-04 05:43:17] TypeError: App\Core\Router::matchRoute(): Argument #3 ($params) must be of type array, null given, called in /Users/admin/Project/Web/DoAn/App/Core/Router.php on line 68 in /Users/admin/Project/Web/DoAn/App/Core/Router.php:108
Stack trace:
#0 /Users/admin/Project/Web/DoAn/App/Core/Router.php(68): App\Core\Router::matchRoute('/', '/favicon.ico', NULL)
#1 /Users/admin/Project/Web/DoAn/Public/index.php(100): App\Core\Router::dispatch()
#2 {main}
[2026-02-04 05:43:20] TypeError: App\Core\Router::matchRoute(): Argument #3 ($params) must be of type array, null given, called in /Users/admin/Project/Web/DoAn/App/Core/Router.php on line 68 in /Users/admin/Project/Web/DoAn/App/Core/Router.php:108
Stack trace:
#0 /Users/admin/Project/Web/DoAn/App/Core/Router.php(68): App\Core\Router::matchRoute('/', '/', NULL)
#1 /Users/admin/Project/Web/DoAn/Public/index.php(100): App\Core\Router::dispatch()
#2 {main}
[2026-02-04 05:43:20] TypeError: App\Core\Router::matchRoute(): Argument #3 ($params) must be of type array, null given, called in /Users/admin/Project/Web/DoAn/App/Core/Router.php on line 68 in /Users/admin/Project/Web/DoAn/App/Core/Router.php:108
Stack trace:
#0 /Users/admin/Project/Web/DoAn/App/Core/Router.php(68): App\Core\Router::matchRoute('/', '/favicon.ico', NULL)
#1 /Users/admin/Project/Web/DoAn/Public/index.php(100): App\Core\Router::dispatch()
#2 {main}
[2026-02-04 05:52:23] PDOException: Kết nối database thất bại: SQLSTATE[HY000] [1049] Unknown database 'doan' in /Users/admin/Project/Web/DoAn/App/Core/Database.php:62
Stack trace:
#0 /Users/admin/Project/Web/DoAn/App/Core/Database.php(27): App\Core\Database->connect()
#1 /Users/admin/Project/Web/DoAn/App/Core/Database.php(36): App\Core\Database->__construct()
#2 /Users/admin/Project/Web/DoAn/App/Core/Model.php(27): App\Core\Database::getInstance()
#3 /Users/admin/Project/Web/DoAn/App/Controllers/HomeController.php(20): App\Core\Model->__construct()
#4 [internal function]: App\Controllers\HomeController->index()
#5 /Users/admin/Project/Web/DoAn/App/Core/Router.php(94): call_user_func_array(Array, Array)
#6 /Users/admin/Project/Web/DoAn/App/Core/Router.php(109): App\Core\Router::{closure:App\Core\Router::dispatch():84}()
#7 /Users/admin/Project/Web/DoAn/Public/index.php(100): App\Core\Router::dispatch()
#8 {main}
[2026-02-04 05:52:26] PDOException: Kết nối database thất bại: SQLSTATE[HY000] [1049] Unknown database 'doan' in /Users/admin/Project/Web/DoAn/App/Core/Database.php:62
Stack trace:
#0 /Users/admin/Project/Web/DoAn/App/Core/Database.php(27): App\Core\Database->connect()
#1 /Users/admin/Project/Web/DoAn/App/Core/Database.php(36): App\Core\Database->__construct()
#2 /Users/admin/Project/Web/DoAn/App/Core/Model.php(27): App\Core\Database::getInstance()
#3 /Users/admin/Project/Web/DoAn/App/Controllers/HomeController.php(20): App\Core\Model->__construct()
#4 [internal function]: App\Controllers\HomeController->index()
#5 /Users/admin/Project/Web/DoAn/App/Core/Router.php(94): call_user_func_array(Array, Array)
#6 /Users/admin/Project/Web/DoAn/App/Core/Router.php(109): App\Core\Router::{closure:App\Core\Router::dispatch():84}()
#7 /Users/admin/Project/Web/DoAn/Public/index.php(100): App\Core\Router::dispatch()
#8 {main}
